# JRE version: OpenJDK Runtime Environment Temurin-17.0.17+10 (17.0.17+10) (build 17.0.17+10)
# Java VM: OpenJDK 64-Bit Server VM Temurin-17.0.17+10 (17.0.17+10, mixed mode, sharing, tiered, compressed oops, compressed class ptrs, g1 gc, linux-amd64)
Heap:
 garbage-first heap   total 4841472K, used 2550893K [0x0000000512000000, 0x0000000800000000)
  region size 8192K, 85 young (696320K), 22 survivors (180224K)
 Metaspace       used 294606K, committed 296704K, reserved 1310720K
  class space    used 55882K, committed 56832K, reserved 1048576K
GC Heap History (20 events):
Event: 20.079 GC heap before
{Heap before GC invocations=39 (full 0):
 garbage-first heap   total 4841472K, used 3470642K [0x0000000512000000, 0x0000000800000000)
  region size 8192K, 354 young (2899968K), 31 survivors (253952K)
 Metaspace       used 262565K, committed 264576K, reserved 1310720K
  class space    used 50587K, committed 51456K, reserved 1048576K
}
Event: 20.122 GC heap after
{Heap after GC invocations=40 (full 0):
 garbage-first heap   total 4841472K, used 893689K [0x0000000512000000, 0x0000000800000000)
  region size 8192K, 9 young (73728K), 9 survivors (73728K)
 Metaspace       used 262565K, committed 264576K, reserved 1310720K
  class space    used 50587K, committed 51456K, reserved 1048576K
}
Event: 21.413 GC heap before
{Heap before GC invocations=40 (full 0):
 garbage-first heap   total 4841472K, used 3719929K [0x0000000512000000, 0x0000000800000000)
  region size 8192K, 354 young (2899968K), 9 survivors (73728K)
 Metaspace       used 271726K, committed 273792K, reserved 1310720K
  class space    used 52157K, committed 53056K, reserved 1048576K
}
Event: 21.469 GC heap after
{Heap after GC invocations=41 (full 0):
 garbage-first heap   total 4841472K, used 1089601K [0x0000000512000000, 0x0000000800000000)
  region size 8192K, 33 young (270336K), 33 survivors (270336K)
 Metaspace       used 271726K, committed 273792K, reserved 1310720K
  class space    used 52157K, committed 53056K, reserved 1048576K
}
Event: 21.866 GC heap before
{Heap before GC invocations=41 (full 0):
 garbage-first heap   total 4841472K, used 3711041K [0x0000000512000000, 0x0000000800000000)
  region size 8192K, 354 young (2899968K), 33 survivors (270336K)
 Metaspace       used 272005K, committed 274112K, reserved 1310720K
  class space    used 52175K, committed 53120K, reserved 1048576K
}
Event: 21.928 GC heap after
{Heap after GC invocations=42 (full 0):
 garbage-first heap   total 4841472K, used 1164448K [0x0000000512000000, 0x0000000800000000)
  region size 8192K, 12 young (98304K), 12 survivors (98304K)
 Metaspace       used 272005K, committed 274112K, reserved 1310720K
  class space    used 52175K, committed 53120K, reserved 1048576K
}
Event: 22.539 GC heap before
{Heap before GC invocations=42 (full 0):
 garbage-first heap   total 4841472K, used 3884192K [0x0000000512000000, 0x0000000800000000)
  region size 8192K, 345 young (2826240K), 12 survivors (98304K)
 Metaspace       used 274503K, committed 276544K, reserved 1310720K
  class space    used 52570K, committed 53504K, reserved 1048576K
}
Event: 22.577 GC heap after
{Heap after GC invocations=43 (full 0):
 garbage-first heap   total 4841472K, used 1223422K [0x0000000512000000, 0x0000000800000000)
  region size 8192K, 19 young (155648K), 19 survivors (155648K)
 Metaspace       used 274503K, committed 276544K, reserved 1310720K
  class space    used 52570K, committed 53504K, reserved 1048576K
}
Event: 24.102 GC heap before
{Heap before GC invocations=43 (full 0):
 garbage-first heap   total 4841472K, used 3943166K [0x0000000512000000, 0x0000000800000000)
  region size 8192K, 352 young (2883584K), 19 survivors (155648K)
 Metaspace       used 286831K, committed 288896K, reserved 1310720K
  class space    used 54600K, committed 55552K, reserved 1048576K
}
Event: 24.145 GC heap after
{Heap after GC invocations=44 (full 0):
 garbage-first heap   total 4841472K, used 1311679K [0x0000000512000000, 0x0000000800000000)
  region size 8192K, 30 young (245760K), 30 survivors (245760K)
 Metaspace       used 286831K, committed 288896K, reserved 1310720K
  class space    used 54600K, committed 55552K, reserved 1048576K
}
Event: 25.352 GC heap before
{Heap before GC invocations=44 (full 0):
 garbage-first heap   total 4841472K, used 3998655K [0x0000000512000000, 0x0000000800000000)
  region size 8192K, 354 young (2899968K), 30 survivors (245760K)
 Metaspace       used 287696K, committed 289792K, reserved 1310720K
  class space    used 54751K, committed 55680K, reserved 1048576K
}
Event: 25.409 GC heap after
{Heap after GC invocations=45 (full 0):
 garbage-first heap   total 4841472K, used 1392782K [0x0000000512000000, 0x0000000800000000)
  region size 8192K, 26 young (212992K), 26 survivors (212992K)
 Metaspace       used 287696K, committed 289792K, reserved 1310720K
  class space    used 54751K, committed 55680K, reserved 1048576K
}
Event: 26.305 GC heap before
{Heap before GC invocations=45 (full 0):
 garbage-first heap   total 4841472K, used 3039374K [0x0000000512000000, 0x0000000800000000)
  region size 8192K, 220 young (1802240K), 26 survivors (212992K)
 Metaspace       used 287819K, committed 289856K, reserved 1310720K
  class space    used 54762K, committed 55680K, reserved 1048576K
}
Event: 26.360 GC heap after
{Heap after GC invocations=46 (full 0):
 garbage-first heap   total 4841472K, used 1506019K [0x0000000512000000, 0x0000000800000000)
  region size 8192K, 24 young (196608K), 24 survivors (196608K)
 Metaspace       used 287819K, committed 289856K, reserved 1310720K
  class space    used 54762K, committed 55680K, reserved 1048576K
}
Event: 29.935 GC heap before
{Heap before GC invocations=47 (full 0):
 garbage-first heap   total 4841472K, used 4061923K [0x0000000512000000, 0x0000000800000000)
  region size 8192K, 338 young (2768896K), 24 survivors (196608K)
 Metaspace       used 288904K, committed 290944K, reserved 1310720K
  class space    used 54903K, committed 55808K, reserved 1048576K
}
Event: 30.024 GC heap after
{Heap after GC invocations=48 (full 0):
 garbage-first heap   total 4841472K, used 1703703K [0x0000000512000000, 0x0000000800000000)
  region size 8192K, 41 young (335872K), 41 survivors (335872K)
 Metaspace       used 288904K, committed 290944K, reserved 1310720K
  class space    used 54903K, committed 55808K, reserved 1048576K
}
Event: 30.042 GC heap before
{Heap before GC invocations=48 (full 0):
 garbage-first heap   total 4841472K, used 1711895K [0x0000000512000000, 0x0000000800000000)
  region size 8192K, 42 young (344064K), 41 survivors (335872K)
 Metaspace       used 288904K, committed 290944K, reserved 1310720K
  class space    used 54903K, committed 55808K, reserved 1048576K
}
Event: 30.111 GC heap after
{Heap after GC invocations=49 (full 0):
 garbage-first heap   total 4841472K, used 1725097K [0x0000000512000000, 0x0000000800000000)
  region size 8192K, 6 young (49152K), 6 survivors (49152K)
 Metaspace       used 288904K, committed 290944K, reserved 1310720K
  class space    used 54903K, committed 55808K, reserved 1048576K
}
Event: 33.201 GC heap before
{Heap before GC invocations=49 (full 0):
 garbage-first heap   total 4841472K, used 4068009K [0x0000000512000000, 0x0000000800000000)
  region size 8192K, 281 young (2301952K), 6 survivors (49152K)
 Metaspace       used 289219K, committed 291264K, reserved 1310720K
  class space    used 54941K, committed 55872K, reserved 1048576K
}
Event: 33.256 GC heap after
{Heap after GC invocations=50 (full 0):
 garbage-first heap   total 4841472K, used 1944685K [0x0000000512000000, 0x0000000800000000)
  region size 8192K, 22 young (180224K), 22 survivors (180224K)
 Metaspace       used 289219K, committed 291264K, reserved 1310720K
  class space    used 54941K, committed 55872K, reserved 1048576K
}

